No datetime | INFO | Start app sudokusolver version: 0.0.1
No datetime | INFO | App arguments: -p
No datetime | INFO | Load sudoku: sudoku_01
No datetime | INFO | load t: 0.00000000 s
No datetime | INFO | Sudoku loaded: sudoku_01
8   3  |        | 6 2 5
    1  |   2 6  |   3  
  2    | 4   5  | 8 7  
- - - - - - - - - - - - 
  3    | 6      |   5 2
6   8  | 7      |     4
    9  | 3 1 4  | 7    
- - - - - - - - - - - - 
7 6    |   4 1  |      
       |     3  | 9   6
3 9    |        | 2   7
No datetime | INFO | Solve sudoku: sudoku_01
No datetime | INFO | solve_backtracking t: 0.00099134 s
No datetime | INFO | Solution found for sudoku: sudoku_01
8 4 3  | 1 9 7  | 6 2 5
5 7 1  | 8 2 6  | 4 3 9
9 2 6  | 4 3 5  | 8 7 1
- - - - - - - - - - - - 
4 3 7  | 6 8 9  | 1 5 2
6 1 8  | 7 5 2  | 3 9 4
2 5 9  | 3 1 4  | 7 6 8
- - - - - - - - - - - - 
7 6 2  | 9 4 1  | 5 8 3
1 8 5  | 2 7 3  | 9 4 6
3 9 4  | 5 6 8  | 2 1 7
No datetime | INFO | Total time processing sudoku sudoku_01: 0.00099134 s
No datetime | INFO | End app sudokusolver
